d:\hzr\doc\program\yolo-tensorrt\sln\vc140.pdb
d:\hzr\doc\program\yolo-tensorrt\sln\yolo_config_parser.obj
d:\hzr\doc\program\yolo-tensorrt\sln\yolov3.obj
d:\hzr\doc\program\yolo-tensorrt\sln\yolov2.obj
d:\hzr\doc\program\yolo-tensorrt\sln\yoloplugin_lib.obj
d:\hzr\doc\program\yolo-tensorrt\sln\yolo.obj
d:\hzr\doc\program\yolo-tensorrt\sln\trt_utils.obj
d:\hzr\doc\program\yolo-tensorrt\sln\plugin_factory.obj
d:\hzr\doc\program\yolo-tensorrt\sln\ds_image.obj
d:\hzr\doc\program\yolo-tensorrt\sln\class_detector.obj
d:\hzr\doc\program\yolo-tensorrt\sln\calibrator.obj
d:\hzr\doc\program\yolo-tensorrt\sln\detector.lib
d:\hzr\doc\program\yolo-tensorrt\sln\detector.exp
d:\hzr\doc\program\yolo-tensorrt\sln\detector.dll
d:\hzr\doc\program\yolo-tensorrt\sln\detector.ipdb
d:\hzr\doc\program\yolo-tensorrt\sln\detector.iobj
d:\hzr\doc\program\yolo-tensorrt\sln\detector.pdb
d:\hzr\doc\program\yolo-tensorrt\sln\kernel.cu.cache
d:\hzr\doc\program\yolo-tensorrt\sln\kernel.cu.obj
d:\hzr\doc\program\yolo-tensorrt\sln\dll_detector.tlog\cl.command.1.tlog
d:\hzr\doc\program\yolo-tensorrt\sln\dll_detector.tlog\cl.read.1.tlog
d:\hzr\doc\program\yolo-tensorrt\sln\dll_detector.tlog\cl.write.1.tlog
d:\hzr\doc\program\yolo-tensorrt\sln\dll_detector.tlog\dll_detector.write.1u.tlog
d:\hzr\doc\program\yolo-tensorrt\sln\dll_detector.tlog\link.command.1.tlog
d:\hzr\doc\program\yolo-tensorrt\sln\dll_detector.tlog\link.read.1.tlog
d:\hzr\doc\program\yolo-tensorrt\sln\dll_detector.tlog\link.write.1.tlog
